\BOOKMARK [0][-]{part.1}{\376\377\000I\000\040\000M\000\364\000\040\000h\000\354\000n\000h\000\040\000O\000D\000E\000\040\001\021\000i\036\301\000u\000\040\000k\000h\000i\036\303\000n\000\040\000v\000\340\000\040\000p\000h\000\342\000n\000\040\000t\000\355\000c\000h\000\040\000n\001\003\000n\000g\000\040\000l\001\260\036\343\000n\000g}{}% 1
\BOOKMARK [1][-]{section.1}{\376\377\000M\000\364\000\040\000h\000\354\000n\000h\000\040\000c\000h\000u\000y\036\303\000n\000\040\001\021\036\331\000n\000g\000\040\000m\036\331\000t\000\040\000c\000h\000i\036\301\000u}{part.1}% 2
\BOOKMARK [2][-]{subsection.1.1}{\376\377\000X\000\342\000y\000\040\000d\036\361\000n\000g\000\040\000m\000\364\000\040\000h\000\354\000n\000h}{section.1}% 3
\BOOKMARK [2][-]{subsection.1.2}{\376\377\000S\000a\000i\000\040\000s\036\321\000\040\000v\000\340\000\040\000t\000\355\000n\000\040\000h\000i\036\307\000u\000\040\001\021\000i\036\301\000u\000\040\000k\000h\000i\036\303\000n}{section.1}% 4
\BOOKMARK [2][-]{subsection.1.3}{\376\377\000M\000\364\000\040\000p\000h\036\317\000n\000g\000\040\000s\036\321}{section.1}% 5
\BOOKMARK [2][-]{subsection.1.4}{\376\377\000P\000h\000\342\000n\000\040\000t\000\355\000c\000h\000\040\036\325\000n\000\040\001\021\036\313\000n\000h\000\040\000c\036\347\000a\000\040\000p\000h\001\260\001\241\000n\000g\000\040\000t\000r\000\354\000n\000h\000\040\000C\000L\000E}{section.1}% 6
\BOOKMARK [1][-]{section.2}{\376\377\000P\000h\001\260\001\241\000n\000g\000\040\000p\000h\000\341\000p\000\040\000n\001\003\000n\000g\000\040\000l\001\260\036\343\000n\000g\000\040\000c\000h\000o\000\040\000p\000h\001\260\001\241\000n\000g\000\040\000t\000r\000\354\000n\000h\000\040\000C\000L\000E}{part.1}% 7
\BOOKMARK [2][-]{subsection.2.1}{\376\377\000N\001\003\000n\000g\000\040\000l\001\260\036\343\000n\000g\000\040\000t\000r\036\241\000n\000g\000\040\000t\000h\000\341\000i\000\040\000s\000a\000i\000\040\000s\036\321}{section.2}% 8
\BOOKMARK [2][-]{subsection.2.2}{\376\377\000C\000h\000i\000\040\000p\000h\000\355\000\040\001\021\000i\036\301\000u\000\040\000k\000h\000i\036\303\000n\000\040\000t\000\355\000c\000h\000\040\000l\001\151\000y}{section.2}% 9
\BOOKMARK [2][-]{subsection.2.3}{\376\377\000C\000\364\000n\000g\000\040\000t\000h\036\351\000c\000\040\000b\000i\036\277\000n\000\040\000p\000h\000\342\000n\000\040\000c\000h\000o\000\040\000c\000h\000i\000\040\000p\000h\000\355\000\040\000h\000i\036\307\000u\000\040\000n\001\003\000n\000g}{section.2}% 10
\BOOKMARK [2][-]{subsection.2.4}{\376\377\001\020\036\313\000n\000h\000\040\000l\000\375\000\040\000p\000h\000\342\000n\000\040\000t\000\355\000c\000h\000\040\000n\000h\000\342\000n\000\040\000t\036\355}{section.2}% 11
\BOOKMARK [2][-]{subsection.2.5}{\376\377\000S\000o\000\040\000s\000\341\000n\000h\000\040\000n\000g\000h\000i\036\307\000m\000\040\000b\000i\036\277\000n\000\040\000p\000h\000\342\000n\000\040\000v\000\340\000\040\000n\000g\000h\000i\036\307\000m\000\040\000t\000h\000\364\000n\000g\000\040\000t\000h\001\260\036\335\000n\000g\000\040\000c\036\347\000a\000\040\000C\000L\000E}{section.2}% 12
\BOOKMARK [0][-]{part.2}{\376\377\000I\000I\000\040\036\350\000n\000g\000\040\000d\036\345\000n\000g\000\040\000v\036\333\000i\000\040\000k\000h\036\321\000i\000\040\000l\001\260\036\343\000n\000g\000\040\000b\000i\036\277\000n\000\040\000t\000h\000i\000\352\000n}{}% 13
\BOOKMARK [1][-]{section.3}{\376\377\000M\000\364\000\040\000h\000\354\000n\000h\000\040\000n\000h\000i\000\352\000n\000\040\000l\000i\036\307\000u\000\040\000v\000\340\000\040\000k\000h\036\321\000i\000\040\000l\001\260\036\343\000n\000g\000\040\000c\036\347\000a\000\040\000m\000\341\000y\000\040\000b\000a\000y}{part.2}% 14
\BOOKMARK [2][-]{subsection.3.1}{\376\377\000M\000\364\000\040\000h\000\354\000n\000h\000\040\000k\000h\036\321\000i\000\040\000l\001\260\036\343\000n\000g}{section.3}% 15
\BOOKMARK [2][-]{subsection.3.2}{\376\377\000P\000h\001\260\001\241\000n\000g\000\040\000p\000h\000\341\000p\000\040\000n\001\003\000n\000g\000\040\000l\001\260\036\343\000n\000g\000\040\000t\000r\000o\000n\000g\000\040\000m\000\364\000\040\000h\000\354\000n\000h\000\040\000m\000\341\000y\000\040\000b\000a\000y}{section.3}% 16
\BOOKMARK [1][-]{section.4}{\376\377\000N\000h\000i\000\352\000n\000\040\000l\000i\036\307\000u\000\040\000t\000i\000\352\000u\000\040\000h\000a\000o\000\040\000t\000\340\000u\000\040\000v\001\151\000\040\000t\000r\036\345\000\040\000v\000\340\000\040\000v\036\255\000n\000\040\000t\036\321\000c\000\040\001\021\036\303\000\040\000t\000h\000o\000\341\000t\000\040\000k\000h\036\317\000i\000\040\000h\000\340\000n\000h\000\040\000t\000i\000n\000h}{part.2}% 17
\BOOKMARK [2][-]{subsection.4.1}{\376\377\000M\000\364\000\040\000h\000\354\000n\000h\000\040\000k\000h\036\321\000i\000\040\000l\001\260\036\343\000n\000g\000\040\000n\000h\000i\000\352\000n\000\040\000l\000i\036\307\000u\000\040\001\021\036\251\000y\000\040\000c\036\347\000a\000\040\000t\000\340\000u\000\040\000v\001\151\000\040\000t\000r\036\345}{section.4}% 18
\BOOKMARK [2][-]{subsection.4.2}{\376\377\000P\000h\001\260\001\241\000n\000g\000\040\000t\000r\000\354\000n\000h\000\040\000t\000\352\000n\000\040\000l\036\355\000a\000\040\000l\000\375\000\040\000t\001\260\036\337\000n\000g}{section.4}% 19
\BOOKMARK [2][-]{subsection.4.3}{\376\377\000V\036\255\000n\000\040\000t\036\321\000c\000\040\000t\000h\000o\000\341\000t\000\040\000k\000h\036\317\000i\000\040\000h\000\340\000n\000h\000\040\000t\000i\000n\000h}{section.4}% 20
\BOOKMARK [1][-]{section.5}{\376\377\000H\001\260\036\333\000n\000g\000\040\000p\000h\000\341\000t\000\040\000t\000r\000i\036\303\000n\000\040\000t\000i\036\277\000p\000\040\000t\000h\000e\000o}{part.2}% 21
\BOOKMARK [0][-]{part.3}{\376\377\000I\000I\000I\000\040\000P\000h\036\345\000\040\000l\036\345\000c\000\040\000v\000\340\000\040\000k\000\375\000\040\000h\000i\036\307\000u}{}% 22
\BOOKMARK [1][-]{appendix.A}{\376\377\000T\000o\000\341\000n\000\040\000t\036\355\000\040\000v\000i\000\040\000p\000h\000\342\000n\000\040\001\021\000a\000\040\000t\000h\036\351\000c}{part.3}% 23
\BOOKMARK [1][-]{appendix.B}{\376\377\000B\000i\036\277\000n\000\040\001\021\036\325\000i\000\040\000L\000a\000p\000l\000a\000c\000e\000\040\000v\000\340\000\040\000n\000g\000h\000i\036\307\000m\000\040\001\021\036\267\000c\000\040\000t\000r\001\260\000n\000g}{part.3}% 24
\BOOKMARK [1][-]{appendix.C}{\376\377\000P\000h\000\351\000p\000\040\000t\000\355\000n\000h\000\040\000b\000i\036\277\000n\000\040\000p\000h\000\342\000n}{part.3}% 25
\BOOKMARK [2][-]{subsection.C.1}{\376\377\000B\036\325\000\040\001\021\036\301\000\040\000c\001\241\000\040\000b\036\243\000n\000\040\000t\000h\036\351\000\040\000n\000h\036\245\000t\000\040\000c\036\347\000a\000\040\000b\000i\036\277\000n\000\040\000p\000h\000\342\000n}{appendix.C}% 26
\BOOKMARK [2][-]{subsection.C.2}{\376\377\000P\000h\001\260\001\241\000n\000g\000\040\000t\000r\000\354\000n\000h\000\040\000E\000u\000l\000e\000r\040\023\000L\000a\000g\000r\000a\000n\000g\000e}{appendix.C}% 27
\BOOKMARK [1][-]{appendix.D}{\376\377\000B\036\245\000t\000\040\001\021\036\263\000n\000g\000\040\000t\000h\036\351\000c\000\040\000G\000r\000\366\000n\000w\000a\000l\000l}{part.3}% 28
\BOOKMARK [1][-]{appendix.E}{\376\377\000C\000\341\000c\000\040\000b\036\243\000n\000g\000\040\000k\000\375\000\040\000h\000i\036\307\000u}{part.3}% 29
